[2025-03-26T19:54:58.057Z] [INFO] Erik1155 deployment complete!
Contract Details:
  - Name: Erik1155
  - Address: 0x41c13a3D31ee474F49e1cEc3c60C8cBdB59f2F33
  - Network: localhost
  - Chain ID: 1337
  - ABI Summary:
    Functions:
      - BASKET() → uint256  [view]
      - COOLDOWN() → uint256  [view]
      - FLOWER() → uint256  [view]
      - FRUIT() → uint256  [view]
      - PLANT() → uint256  [view]
      - SEED() → uint256  [view]
      - SOIL() → uint256  [view]
      - WATER() → uint256  [view]
      - balanceOf(address account, uint256 id) → uint256  [view]
      - balanceOfBatch(address[] accounts, uint256[] ids) → uint256[]  [view]
      - burnToken(uint256 id)  [nonpayable]
      - forgeToken(uint256 toId)  [nonpayable]
      - isApprovedForAll(address account, address operator) → bool  [view]
      - lastMintTime(address ) → uint256  [view]
      - mintBasicToken(uint256 id)  [nonpayable]
      - safeBatchTransferFrom(address from, address to, uint256[] ids, uint256[] values, bytes data)  [nonpayable]
      - safeTransferFrom(address from, address to, uint256 id, uint256 value, bytes data)  [nonpayable]
      - setApprovalForAll(address operator, bool approved)  [nonpayable]
      - supportsInterface(bytes4 interfaceId) → bool  [view]
      - timeUntilNextMint(address user) → uint256  [view]
      - tradeForBasic(uint256 tokenId, uint256 basicTokenId)  [nonpayable]
      - uri(uint256 ) → string  [view]
    Events:
      - ApprovalForAll(address indexed account, address indexed operator, bool approved)
      - TransferBatch(address indexed operator, address indexed from, address indexed to, uint256[] ids, uint256[] values)
      - TransferSingle(address indexed operator, address indexed from, address indexed to, uint256 id, uint256 value)
      - URI(string value, uint256 indexed id)
  - Notes: ERC1155 token with basic minting and forging functionality