[2025-03-26T15:55:57.879Z] [SUCCESS] ErikGame deployment completed successfully
Contract Details:
  - Name: ErikGame
  - Address: 0xe7f1725E7734CE288F8367e1Bb143E90bb3F0512
  - Network: localhost
  - Chain ID: 31337
  - ABI Summary:
    Functions:
      - ONE() → string  [view]
      - TWO() → string  [view]
      - _auth() → address  [view]
      - getStatus() → uint256 , uint256  [view]
      - getTokenOne() → string  [nonpayable]
      - getTokenTwo() → string  [nonpayable]
      - name() → string  [view]
      - tokenOneBalance(address ) → uint256  [view]
      - tokenTwoBalance(address ) → uint256  [view]
    Events:
      - TokenEvent(address indexed user, string token)
  - Notes: Game contract deployed with standard configuration