[2025-03-26T20:12:57.322Z] [INFO] Erik1155 deployment complete!
Contract Details:
  - Name: Erik1155
  - Address: 0xCD8f8b53A7Fc6420666C8c6be6411D1A4046aE7A
  - Network: localhost
  - Chain ID: 1337
  - Human-Readable ABI:
[
  "constructor()",
  "error ERC1155InsufficientBalance(address,uint256,uint256,uint256)",
  "error ERC1155InvalidApprover(address)",
  "error ERC1155InvalidArrayLength(uint256,uint256)",
  "error ERC1155InvalidOperator(address)",
  "error ERC1155InvalidReceiver(address)",
  "error ERC1155InvalidSender(address)",
  "error ERC1155MissingApprovalForAll(address,address)",
  "event ApprovalForAll(address,address,bool)",
  "event TransferBatch(address,address,address,uint256[],uint256[])",
  "event TransferSingle(address,address,address,uint256,uint256)",
  "event URI(string,uint256)",
  "function BASKET()",
  "function COOLDOWN()",
  "function FLOWER()",
  "function FRUIT()",
  "function PLANT()",
  "function SEED()",
  "function SOIL()",
  "function WATER()",
  "function balanceOf(address,uint256)",
  "function balanceOfBatch(address[],uint256[])",
  "function burnToken(uint256)",
  "function forgeToken(uint256)",
  "function isApprovedForAll(address,address)",
  "function lastMintTime(address)",
  "function mintBasicToken(uint256)",
  "function safeBatchTransferFrom(address,address,uint256[],uint256[],bytes)",
  "function safeTransferFrom(address,address,uint256,uint256,bytes)",
  "function setApprovalForAll(address,bool)",
  "function supportsInterface(bytes4)",
  "function timeUntilNextMint(address)",
  "function tradeForBasic(uint256,uint256)",
  "function uri(uint256)"
]
  - Notes: ERC1155 token with basic minting and forging functionality