[2025-03-26T15:52:57.215Z] [INFO] ErikGameLv2 deployment complete!
Contract Details:
  - Name: ErikGameLv2
  - Address: 0x5FbDB2315678afecb367f032d93F642f64180aa3
  - Network: localhost
  - Chain ID: 31337
  - ABI Summary:
    Functions:
      - ONE() → string  [view]
      - TWO() → string  [view]
      - _auth() → address  [view]
      - authorizeTokenOne()  [nonpayable]
      - getStatus() → uint256 , uint256  [view]
      - getTokenOne() → string  [nonpayable]
      - getTokenTwo() → string  [nonpayable]
      - name() → string  [view]
      - tokenOneAuthorized(address ) → bool  [view]
      - tokenOneBalance(address ) → uint256  [view]
      - tokenTwoBalance(address ) → uint256  [view]
    Events:
      - TokenEvent(address indexed user, string token)
      - WelcomeAuthorizationEvent(address indexed user, string message)
  - Notes: Game of Twinkles - Level 2 with authorization required for token two