[2025-03-26T20:10:50.871Z] [INFO] Erik1155 deployment complete!
Contract Details:
  - Name: Erik1155
  - Address: 0x9649b89F82Fc65C5744f762595a5ba45539Ff3f1
  - Network: localhost
  - Chain ID: 1337
  - ABI Summary:
    Functions:
      - BASKET() [view] - Returns: uint256 
        // Example: await contract.BASKET(...);
      - COOLDOWN() [view] - Returns: uint256 
        // Example: await contract.COOLDOWN(...);
      - FLOWER() [view] - Returns: uint256 
        // Example: await contract.FLOWER(...);
      - FRUIT() [view] - Returns: uint256 
        // Example: await contract.FRUIT(...);
      - PLANT() [view] - Returns: uint256 
        // Example: await contract.PLANT(...);
      - SEED() [view] - Returns: uint256 
        // Example: await contract.SEED(...);
      - SOIL() [view] - Returns: uint256 
        // Example: await contract.SOIL(...);
      - WATER() [view] - Returns: uint256 
        // Example: await contract.WATER(...);
      - balanceOf(address,uint256) [view] - Returns: uint256 
        // Example: await contract.balanceOf(..., ...);
      - balanceOfBatch(address[],uint256[]) [view] - Returns: uint256[] 
        // Example: await contract.balanceOfBatch(..., ...);
      - burnToken(uint256) [nonpayable] - No return value
        // Example: await contract.burnToken(...);
      - forgeToken(uint256) [nonpayable] - No return value
        // Example: await contract.forgeToken(...);
      - isApprovedForAll(address,address) [view] - Returns: bool 
        // Example: await contract.isApprovedForAll(..., ...);
      - lastMintTime(address) [view] - Returns: uint256 
        // Example: await contract.lastMintTime(...);
      - mintBasicToken(uint256) [nonpayable] - No return value
        // Example: await contract.mintBasicToken(...);
      - safeBatchTransferFrom(address,address,uint256[],uint256[],bytes) [nonpayable] - No return value
        // Example: await contract.safeBatchTransferFrom(..., ..., ..., ..., ...);
      - safeTransferFrom(address,address,uint256,uint256,bytes) [nonpayable] - No return value
        // Example: await contract.safeTransferFrom(..., ..., ..., ..., ...);
      - setApprovalForAll(address,bool) [nonpayable] - No return value
        // Example: await contract.setApprovalForAll(..., ...);
      - supportsInterface(bytes4) [view] - Returns: bool 
        // Example: await contract.supportsInterface(...);
      - timeUntilNextMint(address) [view] - Returns: uint256 
        // Example: await contract.timeUntilNextMint(...);
      - tradeForBasic(uint256,uint256) [nonpayable] - No return value
        // Example: await contract.tradeForBasic(..., ...);
      - uri(uint256) [view] - Returns: string 
        // Example: await contract.uri(...);
    Events:
      - ApprovalForAll(address,address,bool)
        // Example: contract.on("ApprovalForAll", (...args) => { /* handle event */ });
      - TransferBatch(address,address,address,uint256[],uint256[])
        // Example: contract.on("TransferBatch", (...args) => { /* handle event */ });
      - TransferSingle(address,address,address,uint256,uint256)
        // Example: contract.on("TransferSingle", (...args) => { /* handle event */ });
      - URI(string,uint256)
        // Example: contract.on("URI", (...args) => { /* handle event */ });
  - Notes: ERC1155 token with basic minting and forging functionality